{"numFailedTestSuites":1,"numFailedTests":1,"numPassedTestSuites":0,"numPassedTests":14,"numPendingTestSuites":0,"numPendingTests":0,"numRuntimeErrorTestSuites":0,"numTodoTests":0,"numTotalTestSuites":1,"numTotalTests":15,"openHandles":[],"snapshot":{"added":0,"didUpdate":false,"failure":false,"filesAdded":0,"filesRemoved":0,"filesRemovedList":[],"filesUnmatched":0,"filesUpdated":0,"matched":0,"total":0,"unchecked":0,"uncheckedKeysByFile":[],"unmatched":0,"updated":0},"startTime":1786686653583,"success":false,"testResults":[{"assertionResults":[{"ancestorTitles":["queue.service supertest pipeline"],"duration":14,"failureDetails":[],"failureMessages":[],"fullName":"queue.service supertest pipeline keeps the install job as parent and queues the execution step only after success","invocations":1,"location":null,"numPassingAsserts":1,"retryReasons":[],"status":"passed","title":"keeps the install job as parent and queues the execution step only after success"},{"ancestorTitles":["queue.service supertest pipeline"],"duration":4,"failureDetails":[{"matcherResult":{"message":"\u001b[2mexpect(\u001b[22m\u001b[31mjest.fn()\u001b[39m\u001b[2m).\u001b[22mtoHaveBeenCalledWith\u001b[2m(\u001b[22m\u001b[32m...expected\u001b[39m\u001b[2m)\u001b[22m\n\nExpected: \u001b[32m\"INSTALL_DEPS\"\u001b[39m, \u001b[32mObjectContaining {\"jobId\": \"install-1\", \"type\": \"INSTALL_DEPS\"}\u001b[39m, \u001b[32mObjectContaining {\"jobId\": \"INSTALL_DEPS-install-1\"}\u001b[39m\n\nNumber of calls: \u001b[31m0\u001b[39m","pass":false}}],"failureMessages":["Error: \u001b[2mexpect(\u001b[22m\u001b[31mjest.fn()\u001b[39m\u001b[2m).\u001b[22mtoHaveBeenCalledWith\u001b[2m(\u001b[22m\u001b[32m...expected\u001b[39m\u001b[2m)\u001b[22m\n\nExpected: \u001b[32m\"INSTALL_DEPS\"\u001b[39m, \u001b[32mObjectContaining {\"jobId\": \"install-1\", \"type\": \"INSTALL_DEPS\"}\u001b[39m, \u001b[32mObjectContaining {\"jobId\": \"INSTALL_DEPS-install-1\"}\u001b[39m\n\nNumber of calls: \u001b[31m0\u001b[39m\n    at Object.toHaveBeenCalledWith (D:\\NCKH\\CovAI-\\server\\src\\tests\\queue.service.test.js:102:30)"],"fullName":"queue.service supertest pipeline queues the install step in the main queue before the flow waits on it","invocations":1,"location":null,"numPassingAsserts":0,"retryReasons":[],"status":"failed","title":"queues the install step in the main queue before the flow waits on it"},{"ancestorTitles":["queue.service supertest pipeline"],"duration":10,"failureDetails":[],"failureMessages":[],"fullName":"queue.service supertest pipeline does not fail Supertest while INSTALL_DEPS is RUNNING and starts it only after success","invocations":1,"location":null,"numPassingAsserts":5,"retryReasons":[],"status":"passed","title":"does not fail Supertest while INSTALL_DEPS is RUNNING and starts it only after success"},{"ancestorTitles":["queue.service supertest pipeline"],"duration":16,"failureDetails":[],"failureMessages":[],"fullName":"queue.service supertest pipeline fails Supertest when INSTALL_DEPS fails","invocations":1,"location":null,"numPassingAsserts":1,"retryReasons":[],"status":"passed","title":"fails Supertest when INSTALL_DEPS fails"},{"ancestorTitles":["queue.service supertest pipeline"],"duration":20,"failureDetails":[],"failureMessages":[],"fullName":"queue.service supertest pipeline starts Supertest immediately when INSTALL_DEPS is already SUCCESS","invocations":1,"location":null,"numPassingAsserts":1,"retryReasons":[],"status":"passed","title":"starts Supertest immediately when INSTALL_DEPS is already SUCCESS"},{"ancestorTitles":["addSupertestCoveragePipeline - FlowProducer-based pipeline with correct dependency direction"],"duration":5,"failureDetails":[],"failureMessages":[],"fullName":"addSupertestCoveragePipeline - FlowProducer-based pipeline with correct dependency direction 1. CASE 1: INSTALL_DEPS SUCCESS → Supertest starts","invocations":1,"location":null,"numPassingAsserts":2,"retryReasons":[],"status":"passed","title":"1. CASE 1: INSTALL_DEPS SUCCESS → Supertest starts"},{"ancestorTitles":["addSupertestCoveragePipeline - FlowProducer-based pipeline with correct dependency direction"],"duration":8,"failureDetails":[],"failureMessages":[],"fullName":"addSupertestCoveragePipeline - FlowProducer-based pipeline with correct dependency direction 2. CASE 2: INSTALL_DEPS FAILED → Supertest fails","invocations":1,"location":null,"numPassingAsserts":1,"retryReasons":[],"status":"passed","title":"2. CASE 2: INSTALL_DEPS FAILED → Supertest fails"},{"ancestorTitles":["addSupertestCoveragePipeline - FlowProducer-based pipeline with correct dependency direction"],"duration":7,"failureDetails":[],"failureMessages":[],"fullName":"addSupertestCoveragePipeline - FlowProducer-based pipeline with correct dependency direction 3. CASE 2b: INSTALL_DEPS CANCELED → Supertest fails","invocations":1,"location":null,"numPassingAsserts":1,"retryReasons":[],"status":"passed","title":"3. CASE 2b: INSTALL_DEPS CANCELED → Supertest fails"},{"ancestorTitles":["addSupertestCoveragePipeline - FlowProducer-based pipeline with correct dependency direction"],"duration":4,"failureDetails":[],"failureMessages":[],"fullName":"addSupertestCoveragePipeline - FlowProducer-based pipeline with correct dependency direction 4. CASE 4: INSTALL_DEPS RUNNING → Supertest does not fail prematurely","invocations":1,"location":null,"numPassingAsserts":3,"retryReasons":[],"status":"passed","title":"4. CASE 4: INSTALL_DEPS RUNNING → Supertest does not fail prematurely"},{"ancestorTitles":["addSupertestCoveragePipeline - FlowProducer-based pipeline with correct dependency direction"],"duration":8,"failureDetails":[],"failureMessages":[],"fullName":"addSupertestCoveragePipeline - FlowProducer-based pipeline with correct dependency direction 5. CASE 4b: INSTALL_DEPS RUNNING → eventually SUCCESS → Supertest executes","invocations":1,"location":null,"numPassingAsserts":2,"retryReasons":[],"status":"passed","title":"5. CASE 4b: INSTALL_DEPS RUNNING → eventually SUCCESS → Supertest executes"},{"ancestorTitles":["addSupertestCoveragePipeline - FlowProducer-based pipeline with correct dependency direction"],"duration":5,"failureDetails":[],"failureMessages":[],"fullName":"addSupertestCoveragePipeline - FlowProducer-based pipeline with correct dependency direction 6. CASE 3: INSTALL_DEPS already SUCCESS → Supertest executes immediately","invocations":1,"location":null,"numPassingAsserts":1,"retryReasons":[],"status":"passed","title":"6. CASE 3: INSTALL_DEPS already SUCCESS → Supertest executes immediately"},{"ancestorTitles":["addSupertestCoveragePipeline - FlowProducer-based pipeline with correct dependency direction"],"duration":3,"failureDetails":[],"failureMessages":[],"fullName":"addSupertestCoveragePipeline - FlowProducer-based pipeline with correct dependency direction 7. Dependency tree is correct: SUPERTEST_COVERAGE_PIPELINE is parent, INSTALL_DEPS is child","invocations":1,"location":null,"numPassingAsserts":7,"retryReasons":[],"status":"passed","title":"7. Dependency tree is correct: SUPERTEST_COVERAGE_PIPELINE is parent, INSTALL_DEPS is child"},{"ancestorTitles":["addSupertestCoveragePipeline - FlowProducer-based pipeline with correct dependency direction"],"duration":8,"failureDetails":[],"failureMessages":[],"fullName":"addSupertestCoveragePipeline - FlowProducer-based pipeline with correct dependency direction 8. Duplicate Supertest pipeline messages → Supertest executes only once (BullMQ deduping via jobId)","invocations":1,"location":null,"numPassingAsserts":2,"retryReasons":[],"status":"passed","title":"8. Duplicate Supertest pipeline messages → Supertest executes only once (BullMQ deduping via jobId)"},{"ancestorTitles":["addSupertestCoveragePipeline - FlowProducer-based pipeline with correct dependency direction"],"duration":5,"failureDetails":[],"failureMessages":[],"fullName":"addSupertestCoveragePipeline - FlowProducer-based pipeline with correct dependency direction 9. No orphaned QUEUED Supertest job after INSTALL_DEPS succeeds","invocations":1,"location":null,"numPassingAsserts":2,"retryReasons":[],"status":"passed","title":"9. No orphaned QUEUED Supertest job after INSTALL_DEPS succeeds"},{"ancestorTitles":["addSupertestCoveragePipeline - FlowProducer-based pipeline with correct dependency direction"],"duration":7,"failureDetails":[],"failureMessages":[],"fullName":"addSupertestCoveragePipeline - FlowProducer-based pipeline with correct dependency direction 10. Regression: BullMQ parent/child blocks Supertest until INSTALL_DEPS terminal state","invocations":1,"location":null,"numPassingAsserts":2,"retryReasons":[],"status":"passed","title":"10. Regression: BullMQ parent/child blocks Supertest until INSTALL_DEPS terminal state"}],"endTime":1786686655378,"message":"\u001b[1m\u001b[31m  \u001b[1m● \u001b[22m\u001b[1mqueue.service supertest pipeline › queues the install step in the main queue before the flow waits on it\u001b[39m\u001b[22m\n\n    \u001b[2mexpect(\u001b[22m\u001b[31mjest.fn()\u001b[39m\u001b[2m).\u001b[22mtoHaveBeenCalledWith\u001b[2m(\u001b[22m\u001b[32m...expected\u001b[39m\u001b[2m)\u001b[22m\n\n    Expected: \u001b[32m\"INSTALL_DEPS\"\u001b[39m, \u001b[32mObjectContaining {\"jobId\": \"install-1\", \"type\": \"INSTALL_DEPS\"}\u001b[39m, \u001b[32mObjectContaining {\"jobId\": \"INSTALL_DEPS-install-1\"}\u001b[39m\n\n    Number of calls: \u001b[31m0\u001b[39m\n\u001b[2m\u001b[22m\n\u001b[2m    \u001b[0m \u001b[90m 100 |\u001b[39m         \u001b[36mawait\u001b[39m addSupertestCoveragePipeline(\u001b[32m'install-1'\u001b[39m\u001b[33m,\u001b[39m \u001b[32m'super-1'\u001b[39m)\u001b[33m;\u001b[39m\u001b[22m\n\u001b[2m     \u001b[90m 101 |\u001b[39m\u001b[22m\n\u001b[2m    \u001b[31m\u001b[1m>\u001b[22m\u001b[2m\u001b[39m\u001b[90m 102 |\u001b[39m         expect(mockQueueAdd)\u001b[33m.\u001b[39mtoHaveBeenCalledWith(\u001b[22m\n\u001b[2m     \u001b[90m     |\u001b[39m                              \u001b[31m\u001b[1m^\u001b[22m\u001b[2m\u001b[39m\u001b[22m\n\u001b[2m     \u001b[90m 103 |\u001b[39m             \u001b[32m'INSTALL_DEPS'\u001b[39m\u001b[33m,\u001b[39m\u001b[22m\n\u001b[2m     \u001b[90m 104 |\u001b[39m             expect\u001b[33m.\u001b[39mobjectContaining({\u001b[22m\n\u001b[2m     \u001b[90m 105 |\u001b[39m                 type\u001b[33m:\u001b[39m \u001b[32m'INSTALL_DEPS'\u001b[39m\u001b[33m,\u001b[39m\u001b[0m\u001b[22m\n\u001b[2m\u001b[22m\n\u001b[2m      \u001b[2mat Object.toHaveBeenCalledWith (\u001b[22m\u001b[2m\u001b[0m\u001b[36msrc/tests/queue.service.test.js\u001b[39m\u001b[0m\u001b[2m:102:30)\u001b[22m\u001b[2m\u001b[22m\n","name":"D:\\NCKH\\CovAI-\\server\\src\\tests\\queue.service.test.js","startTime":1786686653636,"status":"failed","summary":""}],"wasInterrupted":false}
